{"level":"ERROR","location":"[post_call:107] fyersModel","message":{"API":"/orders/sync","Error":{"code":-50,"message":"limitPrice: Must be greater than or equal to 0.0025","s":"error"}},"timestamp":"2026-03-02 13:16:20,215+0530","service":"FyersAPI"}
{"level":"ERROR","location":"[post_call:107] fyersModel","message":{"API":"/orders/sync","Error":{"code":-50,"message":"limitPrice: Must be greater than or equal to 0.0025","s":"error"}},"timestamp":"2026-03-02 13:16:20,257+0530","service":"FyersAPI"}
{"level":"ERROR","location":"[post_call:107] fyersModel","message":{"API":"/orders/sync","Error":{"code":-50,"message":"limitPrice: Must be greater than or equal to 0.0025","s":"error"}},"timestamp":"2026-03-02 13:19:51,228+0530","service":"FyersAPI"}
{"level":"ERROR","location":"[post_call:107] fyersModel","message":{"API":"/orders/sync","Error":{"code":-50,"message":"limitPrice: Must be greater than or equal to 0.0025","s":"error"}},"timestamp":"2026-03-02 13:19:51,273+0530","service":"FyersAPI"}
{"level":"ERROR","location":"[post_call:107] fyersModel","message":{"API":"/orders/sync","Error":{"code":-50,"message":"limitPrice: Must be greater than or equal to 0.0025","s":"error"}},"timestamp":"2026-03-02 13:21:48,762+0530","service":"FyersAPI"}
{"level":"ERROR","location":"[post_call:107] fyersModel","message":{"API":"/orders/sync","Error":{"code":-50,"message":"limitPrice: Must be greater than or equal to 0.0025","s":"error"}},"timestamp":"2026-03-02 13:21:48,802+0530","service":"FyersAPI"}
{"level":"ERROR","location":"[post_call:107] fyersModel","message":{"API":"/orders/sync","Error":{"code":-50,"message":"limitPrice: Must be greater than or equal to 0.0025","s":"error"}},"timestamp":"2026-03-02 13:24:40,459+0530","service":"FyersAPI"}
{"level":"ERROR","location":"[post_call:107] fyersModel","message":{"API":"/orders/sync","Error":{"code":-50,"message":"limitPrice: Must be greater than or equal to 0.0025","s":"error"}},"timestamp":"2026-03-02 13:24:40,502+0530","service":"FyersAPI"}
{"level":"ERROR","location":"[post_call:107] fyersModel","message":{"API":"/orders/sync","Error":{"code":-50,"message":"limitPrice: Must be greater than or equal to 0.0025","s":"error"}},"timestamp":"2026-03-02 13:42:21,773+0530","service":"FyersAPI"}
{"level":"ERROR","location":"[post_call:107] fyersModel","message":{"API":"/orders/sync","Error":{"code":-50,"message":"limitPrice: Must be greater than or equal to 0.0025","s":"error"}},"timestamp":"2026-03-02 13:42:21,822+0530","service":"FyersAPI"}
{"level":"ERROR","location":"[post_call:107] fyersModel","message":{"API":"/orders/sync","Error":{"code":-50,"message":"limitPrice: Must be greater than or equal to 0.0025","s":"error"}},"timestamp":"2026-03-02 13:47:31,442+0530","service":"FyersAPI"}
{"level":"ERROR","location":"[post_call:107] fyersModel","message":{"API":"/orders/sync","Error":{"code":-50,"message":"limitPrice: Must be greater than or equal to 0.0025","s":"error"}},"timestamp":"2026-03-02 13:47:31,506+0530","service":"FyersAPI"}
{"level":"ERROR","location":"[post_call:107] fyersModel","message":{"API":"/orders/sync","Error":{"code":-50,"message":"limitPrice: Must be greater than or equal to 0.0025","s":"error"}},"timestamp":"2026-03-02 13:57:43,703+0530","service":"FyersAPI"}
{"level":"ERROR","location":"[post_call:107] fyersModel","message":{"API":"/orders/sync","Error":{"code":-50,"message":"limitPrice: Must be greater than or equal to 0.0025","s":"error"}},"timestamp":"2026-03-02 13:57:43,747+0530","service":"FyersAPI"}
{"level":"ERROR","location":"[post_call:107] fyersModel","message":{"API":"/orders/sync","Error":{"code":-50,"message":"limitPrice: Must be greater than or equal to 0.0025","s":"error"}},"timestamp":"2026-03-02 13:58:38,420+0530","service":"FyersAPI"}
{"level":"ERROR","location":"[post_call:107] fyersModel","message":{"API":"/orders/sync","Error":{"code":-50,"message":"limitPrice: Must be greater than or equal to 0.0025","s":"error"}},"timestamp":"2026-03-02 13:58:38,468+0530","service":"FyersAPI"}
{"level":"ERROR","location":"[post_call:107] fyersModel","message":{"API":"/orders/sync","Error":{"code":-50,"message":"limitPrice: Must be greater than or equal to 0.0025","s":"error"}},"timestamp":"2026-03-02 14:11:09,276+0530","service":"FyersAPI"}
{"level":"ERROR","location":"[post_call:107] fyersModel","message":{"API":"/orders/sync","Error":{"code":-50,"message":"limitPrice: Must be greater than or equal to 0.0025","s":"error"}},"timestamp":"2026-03-02 14:11:09,325+0530","service":"FyersAPI"}
{"level":"ERROR","location":"[post_call:107] fyersModel","message":{"API":"/orders/sync","Error":{"code":-50,"message":"limitPrice: Must be greater than or equal to 0.0025","s":"error"}},"timestamp":"2026-03-02 14:13:06,592+0530","service":"FyersAPI"}
{"level":"ERROR","location":"[post_call:107] fyersModel","message":{"API":"/orders/sync","Error":{"code":-50,"message":"limitPrice: Must be greater than or equal to 0.0025","s":"error"}},"timestamp":"2026-03-02 14:13:06,641+0530","service":"FyersAPI"}
{"level":"ERROR","location":"[post_call:107] fyersModel","message":{"API":"/orders/sync","Error":{"code":-50,"message":"limitPrice: Must be greater than or equal to 0.0025","s":"error"}},"timestamp":"2026-03-03 21:16:51,175+0530","service":"FyersAPI"}
{"level":"ERROR","location":"[post_call:107] fyersModel","message":{"API":"/orders/sync","Error":{"code":-50,"message":"limitPrice: Must be greater than or equal to 0.0025","s":"error"}},"timestamp":"2026-03-03 21:16:51,224+0530","service":"FyersAPI"}
{"level":"ERROR","location":"[post_call:107] fyersModel","message":{"API":"/orders/sync","Error":{"code":-50,"message":"limitPrice does not match: 0","s":"error"}},"timestamp":"2026-03-03 21:24:03,132+0530","service":"FyersAPI"}
{"level":"ERROR","location":"[post_call:107] fyersModel","message":{"API":"/orders/sync","Error":{"code":-50,"message":"limitPrice does not match: 0","s":"error"}},"timestamp":"2026-03-03 21:24:03,184+0530","service":"FyersAPI"}
{"level":"ERROR","location":"[post_call:107] fyersModel","message":{"API":"/orders/sync","Error":{"code":-50,"message":"limitPrice does not match: 0","s":"error"}},"timestamp":"2026-03-03 21:26:48,332+0530","service":"FyersAPI"}
{"level":"ERROR","location":"[post_call:107] fyersModel","message":{"API":"/orders/sync","Error":{"code":-50,"message":"limitPrice does not match: 0","s":"error"}},"timestamp":"2026-03-03 21:26:48,385+0530","service":"FyersAPI"}
{"level":"ERROR","location":"[post_call:107] fyersModel","message":{"API":"/orders/sync","Error":{"code":-50,"message":"limitPrice does not match: 0","s":"error"}},"timestamp":"2026-03-03 21:26:48,643+0530","service":"FyersAPI"}
{"level":"ERROR","location":"[post_call:107] fyersModel","message":{"API":"/orders/sync","Error":{"code":-50,"message":"limitPrice does not match: 0","s":"error"}},"timestamp":"2026-03-03 21:26:48,688+0530","service":"FyersAPI"}
{"level":"ERROR","location":"[post_call:107] fyersModel","message":{"API":"/orders/sync","Error":{"code":-50,"message":"limitPrice does not match: 0","s":"error"}},"timestamp":"2026-03-03 21:26:53,197+0530","service":"FyersAPI"}
{"level":"ERROR","location":"[post_call:107] fyersModel","message":{"API":"/orders/sync","Error":{"code":-50,"message":"limitPrice does not match: 0","s":"error"}},"timestamp":"2026-03-03 21:26:53,242+0530","service":"FyersAPI"}
{"level":"ERROR","location":"[post_call:107] fyersModel","message":{"API":"/orders/sync","Error":{"code":-50,"message":"limitPrice does not match: 0","s":"error"}},"timestamp":"2026-03-03 21:26:53,775+0530","service":"FyersAPI"}
{"level":"ERROR","location":"[post_call:107] fyersModel","message":{"API":"/orders/sync","Error":{"code":-50,"message":"limitPrice does not match: 0","s":"error"}},"timestamp":"2026-03-03 21:26:53,817+0530","service":"FyersAPI"}
{"level":"ERROR","location":"[post_call:107] fyersModel","message":{"API":"/orders/sync","Error":{"code":-50,"message":"limitPrice does not match: 0","s":"error"}},"timestamp":"2026-03-03 21:27:05,104+0530","service":"FyersAPI"}
{"level":"ERROR","location":"[post_call:107] fyersModel","message":{"API":"/orders/sync","Error":{"code":-50,"message":"limitPrice does not match: 0","s":"error"}},"timestamp":"2026-03-03 21:27:05,163+0530","service":"FyersAPI"}
{"level":"ERROR","location":"[post_call:107] fyersModel","message":{"API":"/orders/sync","Error":{"code":-50,"message":"limitPrice does not match: 0","s":"error"}},"timestamp":"2026-03-03 21:27:05,958+0530","service":"FyersAPI"}
{"level":"ERROR","location":"[post_call:107] fyersModel","message":{"API":"/orders/sync","Error":{"code":-50,"message":"limitPrice does not match: 0","s":"error"}},"timestamp":"2026-03-03 21:27:06,003+0530","service":"FyersAPI"}
{"level":"ERROR","location":"[post_call:107] fyersModel","message":{"API":"/orders/sync","Error":{"code":-50,"message":"limitPrice does not match: 0","s":"error"}},"timestamp":"2026-03-03 21:31:08,153+0530","service":"FyersAPI"}
{"level":"ERROR","location":"[post_call:107] fyersModel","message":{"API":"/orders/sync","Error":{"code":-50,"message":"limitPrice does not match: 0","s":"error"}},"timestamp":"2026-03-03 21:31:08,191+0530","service":"FyersAPI"}
{"level":"ERROR","location":"[post_call:107] fyersModel","message":{"API":"/orders/sync","Error":{"code":-50,"message":"30 not a multiple of minimum lot size 20","s":"error"}},"timestamp":"2026-03-05 13:33:58,594+0530","service":"FyersAPI"}
{"level":"ERROR","location":"[post_call:107] fyersModel","message":{"API":"/orders/sync","Error":{"code":-50,"message":"30 not a multiple of minimum lot size 20","s":"error"}},"timestamp":"2026-03-05 13:33:58,637+0530","service":"FyersAPI"}
{"level":"ERROR","location":"[post_call:107] fyersModel","message":{"API":"/orders/sync","Error":{"code":-50,"message":"30 not a multiple of minimum lot size 20","s":"error"}},"timestamp":"2026-03-05 13:57:28,073+0530","service":"FyersAPI"}
{"level":"ERROR","location":"[post_call:107] fyersModel","message":{"API":"/orders/sync","Error":{"code":-50,"message":"30 not a multiple of minimum lot size 20","s":"error"}},"timestamp":"2026-03-05 13:57:28,123+0530","service":"FyersAPI"}
{"level":"ERROR","location":"[post_call:107] fyersModel","message":{"API":"/orders/sync","Error":{"code":-50,"message":"30 not a multiple of minimum lot size 20","s":"error"}},"timestamp":"2026-03-05 14:38:09,248+0530","service":"FyersAPI"}
{"level":"ERROR","location":"[post_call:107] fyersModel","message":{"API":"/orders/sync","Error":{"code":-50,"message":"30 not a multiple of minimum lot size 20","s":"error"}},"timestamp":"2026-03-05 14:38:09,301+0530","service":"FyersAPI"}
{"level":"ERROR","location":"[patch_call:263] fyersModel","message":{"API":"/orders/sync","Error":{"code":-50,"message":"limitPrice does not match: 0","s":"error","id":"26031700549619"}},"timestamp":"2026-03-17 14:16:06,802+0530","service":"FyersAPI"}
{"level":"ERROR","location":"[patch_call:263] fyersModel","message":{"API":"/orders/sync","Error":{"code":-50,"message":"limitPrice does not match: 0","s":"error","id":"26031700567905"}},"timestamp":"2026-03-17 14:24:05,803+0530","service":"FyersAPI"}
{"level":"ERROR","location":"[patch_call:263] fyersModel","message":{"API":"/orders/sync","Error":{"code":-50,"message":"limitPrice does not match: 0","s":"error","id":"26031700573198"}},"timestamp":"2026-03-17 14:27:05,184+0530","service":"FyersAPI"}
{"level":"ERROR","location":"[patch_call:263] fyersModel","message":{"API":"/orders/sync","Error":{"code":-50,"message":"limitPrice does not match: 0","s":"error","id":"26031700584244"}},"timestamp":"2026-03-17 14:32:43,064+0530","service":"FyersAPI"}
{"level":"ERROR","location":"[patch_call:263] fyersModel","message":{"API":"/orders/sync","Error":{"code":-50,"message":"limitPrice does not match: 0","s":"error","id":"26031700594642"}},"timestamp":"2026-03-17 14:38:18,269+0530","service":"FyersAPI"}
{"level":"ERROR","location":"[patch_call:263] fyersModel","message":{"API":"/orders/sync","Error":{"code":-50,"message":"limitPrice does not match: 0","s":"error","id":"26031700615274"}},"timestamp":"2026-03-17 14:48:36,900+0530","service":"FyersAPI"}
{"level":"ERROR","location":"[patch_call:263] fyersModel","message":{"API":"/orders/sync","Error":{"code":-50,"message":"limitPrice does not match: 0","s":"error","id":"26031700618967"}},"timestamp":"2026-03-17 14:50:13,761+0530","service":"FyersAPI"}
{"level":"ERROR","location":"[patch_call:263] fyersModel","message":{"API":"/orders/sync","Error":{"code":-50,"message":"limitPrice does not match: 0","s":"error","id":"26031700652703"}},"timestamp":"2026-03-17 15:03:22,953+0530","service":"FyersAPI"}
{"level":"ERROR","location":"[patch_call:263] fyersModel","message":{"API":"/orders/sync","Error":{"code":-50,"message":"limitPrice does not match: 0","s":"error","id":"26031800277525"}},"timestamp":"2026-03-18 12:55:20,536+0530","service":"FyersAPI"}
{"level":"ERROR","location":"[patch_call:263] fyersModel","message":{"API":"/orders/sync","Error":{"code":-50,"message":"limitPrice does not match: 0","s":"error","id":"26031800277525"}},"timestamp":"2026-03-18 12:55:21,085+0530","service":"FyersAPI"}
{"level":"ERROR","location":"[patch_call:263] fyersModel","message":{"API":"/orders/sync","Error":{"code":-50,"message":"limitPrice does not match: 0","s":"error","id":"26031800277525"}},"timestamp":"2026-03-18 12:55:21,632+0530","service":"FyersAPI"}
{"level":"ERROR","location":"[patch_call:263] fyersModel","message":{"API":"/orders/sync","Error":{"code":-50,"message":"limitPrice does not match: 0","s":"error","id":"26031800298545"}},"timestamp":"2026-03-18 13:20:13,138+0530","service":"FyersAPI"}
{"level":"ERROR","location":"[patch_call:263] fyersModel","message":{"API":"/orders/sync","Error":{"code":-50,"message":"limitPrice does not match: 0","s":"error","id":"26031800298545"}},"timestamp":"2026-03-18 13:20:13,689+0530","service":"FyersAPI"}
{"level":"ERROR","location":"[patch_call:263] fyersModel","message":{"API":"/orders/sync","Error":{"code":-50,"message":"limitPrice does not match: 0","s":"error","id":"26031800298545"}},"timestamp":"2026-03-18 13:20:14,236+0530","service":"FyersAPI"}
{"level":"ERROR","location":"[patch_call:263] fyersModel","message":{"API":"/orders/sync","Error":{"code":-50,"message":"limitPrice does not match: 0","s":"error","id":"26031800350804"}},"timestamp":"2026-03-18 14:17:26,691+0530","service":"FyersAPI"}
{"level":"ERROR","location":"[patch_call:263] fyersModel","message":{"API":"/orders/sync","Error":{"code":-50,"message":"limitPrice does not match: 0","s":"error","id":"26031800350804"}},"timestamp":"2026-03-18 14:17:27,263+0530","service":"FyersAPI"}
{"level":"ERROR","location":"[patch_call:263] fyersModel","message":{"API":"/orders/sync","Error":{"code":-50,"message":"limitPrice does not match: 0","s":"error","id":"26031800350804"}},"timestamp":"2026-03-18 14:17:27,811+0530","service":"FyersAPI"}
{"level":"ERROR","location":"[patch_call:263] fyersModel","message":{"API":"/orders/sync","Error":{"code":-50,"message":"limitPrice does not match: 0","s":"error","id":"26031800350804"}},"timestamp":"2026-03-18 14:17:29,938+0530","service":"FyersAPI"}
{"level":"ERROR","location":"[patch_call:263] fyersModel","message":{"API":"/orders/sync","Error":{"code":-50,"message":"limitPrice does not match: 0","s":"error","id":"26031800350804"}},"timestamp":"2026-03-18 14:17:30,487+0530","service":"FyersAPI"}
{"level":"ERROR","location":"[patch_call:263] fyersModel","message":{"API":"/orders/sync","Error":{"code":-50,"message":"limitPrice does not match: 0","s":"error","id":"26031800350804"}},"timestamp":"2026-03-18 14:17:31,035+0530","service":"FyersAPI"}
{"level":"ERROR","location":"[patch_call:263] fyersModel","message":{"API":"/orders/sync","Error":{"code":-50,"message":"limitPrice does not match: 0","s":"error","id":"26031800350804"}},"timestamp":"2026-03-18 14:17:33,172+0530","service":"FyersAPI"}
{"level":"ERROR","location":"[patch_call:263] fyersModel","message":{"API":"/orders/sync","Error":{"code":-50,"message":"limitPrice does not match: 0","s":"error","id":"26031800350804"}},"timestamp":"2026-03-18 14:17:33,717+0530","service":"FyersAPI"}
{"level":"ERROR","location":"[patch_call:263] fyersModel","message":{"API":"/orders/sync","Error":{"code":-50,"message":"limitPrice does not match: 0","s":"error","id":"26031800350804"}},"timestamp":"2026-03-18 14:17:34,266+0530","service":"FyersAPI"}
{"level":"ERROR","location":"[patch_call:263] fyersModel","message":{"API":"/orders/sync","Error":{"code":-50,"message":"limitPrice does not match: 0","s":"error","id":"26031800350804"}},"timestamp":"2026-03-18 14:17:36,414+0530","service":"FyersAPI"}
{"level":"ERROR","location":"[patch_call:263] fyersModel","message":{"API":"/orders/sync","Error":{"code":-50,"message":"limitPrice does not match: 0","s":"error","id":"26031800350804"}},"timestamp":"2026-03-18 14:17:36,962+0530","service":"FyersAPI"}
{"level":"ERROR","location":"[patch_call:263] fyersModel","message":{"API":"/orders/sync","Error":{"code":-50,"message":"limitPrice does not match: 0","s":"error","id":"26031800350804"}},"timestamp":"2026-03-18 14:17:37,510+0530","service":"FyersAPI"}
{"level":"ERROR","location":"[patch_call:263] fyersModel","message":{"API":"/orders/sync","Error":{"code":-50,"message":"limitPrice does not match: 0","s":"error","id":"26031800350804"}},"timestamp":"2026-03-18 14:17:39,646+0530","service":"FyersAPI"}
{"level":"ERROR","location":"[patch_call:263] fyersModel","message":{"API":"/orders/sync","Error":{"code":-50,"message":"limitPrice does not match: 0","s":"error","id":"26031800350804"}},"timestamp":"2026-03-18 14:17:40,196+0530","service":"FyersAPI"}
{"level":"ERROR","location":"[patch_call:263] fyersModel","message":{"API":"/orders/sync","Error":{"code":-50,"message":"limitPrice does not match: 0","s":"error","id":"26031800350804"}},"timestamp":"2026-03-18 14:17:40,744+0530","service":"FyersAPI"}
{"level":"ERROR","location":"[patch_call:263] fyersModel","message":{"API":"/orders/sync","Error":{"code":-50,"message":"limitPrice does not match: 0","s":"error","id":"26031800350804"}},"timestamp":"2026-03-18 14:17:42,879+0530","service":"FyersAPI"}
{"level":"ERROR","location":"[patch_call:263] fyersModel","message":{"API":"/orders/sync","Error":{"code":-50,"message":"limitPrice does not match: 0","s":"error","id":"26031800350804"}},"timestamp":"2026-03-18 14:17:43,425+0530","service":"FyersAPI"}
{"level":"ERROR","location":"[patch_call:263] fyersModel","message":{"API":"/orders/sync","Error":{"code":-50,"message":"limitPrice does not match: 0","s":"error","id":"26031800350804"}},"timestamp":"2026-03-18 14:17:43,974+0530","service":"FyersAPI"}
{"level":"ERROR","location":"[patch_call:263] fyersModel","message":{"API":"/orders/sync","Error":{"code":-50,"message":"limitPrice does not match: 0","s":"error","id":"26031800350804"}},"timestamp":"2026-03-18 14:17:46,104+0530","service":"FyersAPI"}
{"level":"ERROR","location":"[patch_call:263] fyersModel","message":{"API":"/orders/sync","Error":{"code":-50,"message":"limitPrice does not match: 0","s":"error","id":"26031800350804"}},"timestamp":"2026-03-18 14:17:46,654+0530","service":"FyersAPI"}
{"level":"ERROR","location":"[patch_call:263] fyersModel","message":{"API":"/orders/sync","Error":{"code":-50,"message":"limitPrice does not match: 0","s":"error","id":"26031800350804"}},"timestamp":"2026-03-18 14:17:47,206+0530","service":"FyersAPI"}
{"level":"ERROR","location":"[patch_call:263] fyersModel","message":{"API":"/orders/sync","Error":{"code":-50,"message":"limitPrice does not match: 0","s":"error","id":"26031800350804"}},"timestamp":"2026-03-18 14:17:49,339+0530","service":"FyersAPI"}
{"level":"ERROR","location":"[patch_call:263] fyersModel","message":{"API":"/orders/sync","Error":{"code":-50,"message":"limitPrice does not match: 0","s":"error","id":"26031800350804"}},"timestamp":"2026-03-18 14:17:49,888+0530","service":"FyersAPI"}
{"level":"ERROR","location":"[patch_call:263] fyersModel","message":{"API":"/orders/sync","Error":{"code":-50,"message":"limitPrice does not match: 0","s":"error","id":"26031800350804"}},"timestamp":"2026-03-18 14:17:50,439+0530","service":"FyersAPI"}
{"level":"ERROR","location":"[patch_call:263] fyersModel","message":{"API":"/orders/sync","Error":{"code":-50,"message":"limitPrice does not match: 0","s":"error","id":"26031800350804"}},"timestamp":"2026-03-18 14:17:52,570+0530","service":"FyersAPI"}
{"level":"ERROR","location":"[patch_call:263] fyersModel","message":{"API":"/orders/sync","Error":{"code":-50,"message":"limitPrice does not match: 0","s":"error","id":"26031800350804"}},"timestamp":"2026-03-18 14:17:53,128+0530","service":"FyersAPI"}
{"level":"ERROR","location":"[patch_call:263] fyersModel","message":{"API":"/orders/sync","Error":{"code":-50,"message":"limitPrice does not match: 0","s":"error","id":"26031800350804"}},"timestamp":"2026-03-18 14:17:53,703+0530","service":"FyersAPI"}
{"level":"ERROR","location":"[patch_call:263] fyersModel","message":{"API":"/orders/sync","Error":{"code":-50,"message":"limitPrice does not match: 0","s":"error","id":"26031800350804"}},"timestamp":"2026-03-18 14:17:55,840+0530","service":"FyersAPI"}
{"level":"ERROR","location":"[patch_call:263] fyersModel","message":{"API":"/orders/sync","Error":{"code":-50,"message":"limitPrice does not match: 0","s":"error","id":"26031800350804"}},"timestamp":"2026-03-18 14:17:56,390+0530","service":"FyersAPI"}
{"level":"ERROR","location":"[patch_call:263] fyersModel","message":{"API":"/orders/sync","Error":{"code":-50,"message":"limitPrice does not match: 0","s":"error","id":"26031800350804"}},"timestamp":"2026-03-18 14:17:56,938+0530","service":"FyersAPI"}
{"level":"ERROR","location":"[patch_call:263] fyersModel","message":{"API":"/orders/sync","Error":{"code":-50,"message":"limitPrice does not match: 0","s":"error","id":"26031800350804"}},"timestamp":"2026-03-18 14:17:59,071+0530","service":"FyersAPI"}
{"level":"ERROR","location":"[patch_call:263] fyersModel","message":{"API":"/orders/sync","Error":{"code":-50,"message":"limitPrice does not match: 0","s":"error","id":"26031800350804"}},"timestamp":"2026-03-18 14:17:59,619+0530","service":"FyersAPI"}
{"level":"ERROR","location":"[patch_call:263] fyersModel","message":{"API":"/orders/sync","Error":{"code":-50,"message":"limitPrice does not match: 0","s":"error","id":"26031800350804"}},"timestamp":"2026-03-18 14:18:00,170+0530","service":"FyersAPI"}
{"level":"ERROR","location":"[patch_call:263] fyersModel","message":{"API":"/orders/sync","Error":{"code":-50,"message":"limitPrice does not match: 0","s":"error","id":"26031800350804"}},"timestamp":"2026-03-18 14:18:02,310+0530","service":"FyersAPI"}
{"level":"ERROR","location":"[patch_call:263] fyersModel","message":{"API":"/orders/sync","Error":{"code":-50,"message":"limitPrice does not match: 0","s":"error","id":"26031800350804"}},"timestamp":"2026-03-18 14:18:02,861+0530","service":"FyersAPI"}
{"level":"ERROR","location":"[patch_call:263] fyersModel","message":{"API":"/orders/sync","Error":{"code":-50,"message":"limitPrice does not match: 0","s":"error","id":"26031800350804"}},"timestamp":"2026-03-18 14:18:03,411+0530","service":"FyersAPI"}
{"level":"ERROR","location":"[patch_call:263] fyersModel","message":{"API":"/orders/sync","Error":{"code":-50,"message":"limitPrice does not match: 0","s":"error","id":"26031800350804"}},"timestamp":"2026-03-18 14:18:05,541+0530","service":"FyersAPI"}
{"level":"ERROR","location":"[patch_call:263] fyersModel","message":{"API":"/orders/sync","Error":{"code":-50,"message":"limitPrice does not match: 0","s":"error","id":"26031800350804"}},"timestamp":"2026-03-18 14:18:06,091+0530","service":"FyersAPI"}
{"level":"ERROR","location":"[patch_call:263] fyersModel","message":{"API":"/orders/sync","Error":{"code":-50,"message":"limitPrice does not match: 0","s":"error","id":"26031800350804"}},"timestamp":"2026-03-18 14:18:06,645+0530","service":"FyersAPI"}
{"level":"ERROR","location":"[patch_call:263] fyersModel","message":{"API":"/orders/sync","Error":{"code":-50,"message":"limitPrice does not match: 0","s":"error","id":"26031800350804"}},"timestamp":"2026-03-18 14:18:08,796+0530","service":"FyersAPI"}
{"level":"ERROR","location":"[patch_call:263] fyersModel","message":{"API":"/orders/sync","Error":{"code":-50,"message":"limitPrice does not match: 0","s":"error","id":"26031800350804"}},"timestamp":"2026-03-18 14:18:09,346+0530","service":"FyersAPI"}
{"level":"ERROR","location":"[patch_call:263] fyersModel","message":{"API":"/orders/sync","Error":{"code":-50,"message":"limitPrice does not match: 0","s":"error","id":"26031800350804"}},"timestamp":"2026-03-18 14:18:09,899+0530","service":"FyersAPI"}
{"level":"ERROR","location":"[patch_call:263] fyersModel","message":{"API":"/orders/sync","Error":{"code":-50,"message":"limitPrice does not match: 0","s":"error","id":"26031800350804"}},"timestamp":"2026-03-18 14:18:12,062+0530","service":"FyersAPI"}
{"level":"ERROR","location":"[patch_call:263] fyersModel","message":{"API":"/orders/sync","Error":{"code":-50,"message":"limitPrice does not match: 0","s":"error","id":"26031800350804"}},"timestamp":"2026-03-18 14:18:12,609+0530","service":"FyersAPI"}
{"level":"ERROR","location":"[patch_call:263] fyersModel","message":{"API":"/orders/sync","Error":{"code":-50,"message":"limitPrice does not match: 0","s":"error","id":"26031800350804"}},"timestamp":"2026-03-18 14:18:13,157+0530","service":"FyersAPI"}
{"level":"ERROR","location":"[patch_call:263] fyersModel","message":{"API":"/orders/sync","Error":{"code":-50,"message":"limitPrice does not match: 0","s":"error","id":"26031800350804"}},"timestamp":"2026-03-18 14:18:15,292+0530","service":"FyersAPI"}
{"level":"ERROR","location":"[patch_call:263] fyersModel","message":{"API":"/orders/sync","Error":{"code":-50,"message":"limitPrice does not match: 0","s":"error","id":"26031800350804"}},"timestamp":"2026-03-18 14:18:15,840+0530","service":"FyersAPI"}
{"level":"ERROR","location":"[patch_call:263] fyersModel","message":{"API":"/orders/sync","Error":{"code":-50,"message":"limitPrice does not match: 0","s":"error","id":"26031800350804"}},"timestamp":"2026-03-18 14:18:16,395+0530","service":"FyersAPI"}
{"level":"ERROR","location":"[patch_call:263] fyersModel","message":{"API":"/orders/sync","Error":{"code":-50,"message":"limitPrice does not match: 0","s":"error","id":"26031800350804"}},"timestamp":"2026-03-18 14:18:18,525+0530","service":"FyersAPI"}
{"level":"ERROR","location":"[patch_call:263] fyersModel","message":{"API":"/orders/sync","Error":{"code":-50,"message":"limitPrice does not match: 0","s":"error","id":"26031800350804"}},"timestamp":"2026-03-18 14:18:19,077+0530","service":"FyersAPI"}
{"level":"ERROR","location":"[patch_call:263] fyersModel","message":{"API":"/orders/sync","Error":{"code":-50,"message":"limitPrice does not match: 0","s":"error","id":"26031800350804"}},"timestamp":"2026-03-18 14:18:19,627+0530","service":"FyersAPI"}
{"level":"ERROR","location":"[patch_call:263] fyersModel","message":{"API":"/orders/sync","Error":{"code":-50,"message":"limitPrice does not match: 0","s":"error","id":"26031800350804"}},"timestamp":"2026-03-18 14:18:21,772+0530","service":"FyersAPI"}
{"level":"ERROR","location":"[patch_call:263] fyersModel","message":{"API":"/orders/sync","Error":{"code":-50,"message":"limitPrice does not match: 0","s":"error","id":"26031800350804"}},"timestamp":"2026-03-18 14:18:22,322+0530","service":"FyersAPI"}
{"level":"ERROR","location":"[patch_call:263] fyersModel","message":{"API":"/orders/sync","Error":{"code":-50,"message":"limitPrice does not match: 0","s":"error","id":"26031800350804"}},"timestamp":"2026-03-18 14:18:22,875+0530","service":"FyersAPI"}
{"level":"ERROR","location":"[patch_call:263] fyersModel","message":{"API":"/orders/sync","Error":{"code":-50,"message":"limitPrice does not match: 0","s":"error","id":"26031800350804"}},"timestamp":"2026-03-18 14:18:25,019+0530","service":"FyersAPI"}
{"level":"ERROR","location":"[patch_call:263] fyersModel","message":{"API":"/orders/sync","Error":{"code":-50,"message":"limitPrice does not match: 0","s":"error","id":"26031800350804"}},"timestamp":"2026-03-18 14:18:25,565+0530","service":"FyersAPI"}
{"level":"ERROR","location":"[patch_call:263] fyersModel","message":{"API":"/orders/sync","Error":{"code":-50,"message":"limitPrice does not match: 0","s":"error","id":"26031800350804"}},"timestamp":"2026-03-18 14:18:26,140+0530","service":"FyersAPI"}
{"level":"ERROR","location":"[patch_call:263] fyersModel","message":{"API":"/orders/sync","Error":{"code":-50,"message":"limitPrice does not match: 0","s":"error","id":"26031800350804"}},"timestamp":"2026-03-18 14:18:28,302+0530","service":"FyersAPI"}
{"level":"ERROR","location":"[patch_call:263] fyersModel","message":{"API":"/orders/sync","Error":{"code":-50,"message":"limitPrice does not match: 0","s":"error","id":"26031800350804"}},"timestamp":"2026-03-18 14:18:28,854+0530","service":"FyersAPI"}
{"level":"ERROR","location":"[patch_call:263] fyersModel","message":{"API":"/orders/sync","Error":{"code":-50,"message":"limitPrice does not match: 0","s":"error","id":"26031800350804"}},"timestamp":"2026-03-18 14:18:29,402+0530","service":"FyersAPI"}
{"level":"ERROR","location":"[patch_call:263] fyersModel","message":{"API":"/orders/sync","Error":{"code":-50,"message":"limitPrice does not match: 0","s":"error","id":"26031800350804"}},"timestamp":"2026-03-18 14:18:31,540+0530","service":"FyersAPI"}
{"level":"ERROR","location":"[patch_call:263] fyersModel","message":{"API":"/orders/sync","Error":{"code":-50,"message":"limitPrice does not match: 0","s":"error","id":"26031800350804"}},"timestamp":"2026-03-18 14:18:32,087+0530","service":"FyersAPI"}
{"level":"ERROR","location":"[patch_call:263] fyersModel","message":{"API":"/orders/sync","Error":{"code":-50,"message":"limitPrice does not match: 0","s":"error","id":"26031800350804"}},"timestamp":"2026-03-18 14:18:32,650+0530","service":"FyersAPI"}
{"level":"ERROR","location":"[patch_call:263] fyersModel","message":{"API":"/orders/sync","Error":{"code":-50,"message":"limitPrice does not match: 0","s":"error","id":"26031800350804"}},"timestamp":"2026-03-18 14:18:34,816+0530","service":"FyersAPI"}
{"level":"ERROR","location":"[patch_call:263] fyersModel","message":{"API":"/orders/sync","Error":{"code":-50,"message":"limitPrice does not match: 0","s":"error","id":"26031800350804"}},"timestamp":"2026-03-18 14:18:35,365+0530","service":"FyersAPI"}
{"level":"ERROR","location":"[patch_call:263] fyersModel","message":{"API":"/orders/sync","Error":{"code":-50,"message":"limitPrice does not match: 0","s":"error","id":"26031800350804"}},"timestamp":"2026-03-18 14:18:35,914+0530","service":"FyersAPI"}
{"level":"ERROR","location":"[patch_call:263] fyersModel","message":{"API":"/orders/sync","Error":{"code":-50,"message":"limitPrice does not match: 0","s":"error","id":"26031800350804"}},"timestamp":"2026-03-18 14:18:38,050+0530","service":"FyersAPI"}
{"level":"ERROR","location":"[patch_call:263] fyersModel","message":{"API":"/orders/sync","Error":{"code":-50,"message":"limitPrice does not match: 0","s":"error","id":"26031800350804"}},"timestamp":"2026-03-18 14:18:38,599+0530","service":"FyersAPI"}
{"level":"ERROR","location":"[patch_call:263] fyersModel","message":{"API":"/orders/sync","Error":{"code":-50,"message":"limitPrice does not match: 0","s":"error","id":"26031800350804"}},"timestamp":"2026-03-18 14:18:39,150+0530","service":"FyersAPI"}
{"level":"ERROR","location":"[patch_call:263] fyersModel","message":{"API":"/orders/sync","Error":{"code":-50,"message":"limitPrice does not match: 0","s":"error","id":"26031800350804"}},"timestamp":"2026-03-18 14:18:41,297+0530","service":"FyersAPI"}
{"level":"ERROR","location":"[patch_call:263] fyersModel","message":{"API":"/orders/sync","Error":{"code":-50,"message":"limitPrice does not match: 0","s":"error","id":"26031800350804"}},"timestamp":"2026-03-18 14:18:41,847+0530","service":"FyersAPI"}
{"level":"ERROR","location":"[patch_call:263] fyersModel","message":{"API":"/orders/sync","Error":{"code":-50,"message":"limitPrice does not match: 0","s":"error","id":"26031800350804"}},"timestamp":"2026-03-18 14:18:42,427+0530","service":"FyersAPI"}
{"level":"ERROR","location":"[patch_call:263] fyersModel","message":{"API":"/orders/sync","Error":{"code":-50,"message":"limitPrice does not match: 0","s":"error","id":"26031800350804"}},"timestamp":"2026-03-18 14:18:44,565+0530","service":"FyersAPI"}
{"level":"ERROR","location":"[patch_call:263] fyersModel","message":{"API":"/orders/sync","Error":{"code":-50,"message":"limitPrice does not match: 0","s":"error","id":"26031800350804"}},"timestamp":"2026-03-18 14:18:45,114+0530","service":"FyersAPI"}
{"level":"ERROR","location":"[patch_call:263] fyersModel","message":{"API":"/orders/sync","Error":{"code":-50,"message":"limitPrice does not match: 0","s":"error","id":"26031800350804"}},"timestamp":"2026-03-18 14:18:45,659+0530","service":"FyersAPI"}
{"level":"ERROR","location":"[patch_call:263] fyersModel","message":{"API":"/orders/sync","Error":{"code":-50,"message":"limitPrice does not match: 0","s":"error","id":"26031800350804"}},"timestamp":"2026-03-18 14:18:47,791+0530","service":"FyersAPI"}
{"level":"ERROR","location":"[patch_call:263] fyersModel","message":{"API":"/orders/sync","Error":{"code":-50,"message":"limitPrice does not match: 0","s":"error","id":"26031800350804"}},"timestamp":"2026-03-18 14:18:48,349+0530","service":"FyersAPI"}
{"level":"ERROR","location":"[patch_call:263] fyersModel","message":{"API":"/orders/sync","Error":{"code":-50,"message":"limitPrice does not match: 0","s":"error","id":"26031800350804"}},"timestamp":"2026-03-18 14:18:48,899+0530","service":"FyersAPI"}
{"level":"ERROR","location":"[patch_call:263] fyersModel","message":{"API":"/orders/sync","Error":{"code":-50,"message":"limitPrice does not match: 0","s":"error","id":"26031800350804"}},"timestamp":"2026-03-18 14:18:51,031+0530","service":"FyersAPI"}
{"level":"ERROR","location":"[patch_call:263] fyersModel","message":{"API":"/orders/sync","Error":{"code":-50,"message":"limitPrice does not match: 0","s":"error","id":"26031800350804"}},"timestamp":"2026-03-18 14:18:51,577+0530","service":"FyersAPI"}
{"level":"ERROR","location":"[patch_call:263] fyersModel","message":{"API":"/orders/sync","Error":{"code":-50,"message":"limitPrice does not match: 0","s":"error","id":"26031800350804"}},"timestamp":"2026-03-18 14:18:52,131+0530","service":"FyersAPI"}
{"level":"ERROR","location":"[patch_call:263] fyersModel","message":{"API":"/orders/sync","Error":{"code":-50,"message":"limitPrice does not match: 0","s":"error","id":"26031800350804"}},"timestamp":"2026-03-18 14:18:54,280+0530","service":"FyersAPI"}
{"level":"ERROR","location":"[patch_call:263] fyersModel","message":{"API":"/orders/sync","Error":{"code":-50,"message":"limitPrice does not match: 0","s":"error","id":"26031800350804"}},"timestamp":"2026-03-18 14:18:54,826+0530","service":"FyersAPI"}
{"level":"ERROR","location":"[patch_call:263] fyersModel","message":{"API":"/orders/sync","Error":{"code":-50,"message":"limitPrice does not match: 0","s":"error","id":"26031800350804"}},"timestamp":"2026-03-18 14:18:55,375+0530","service":"FyersAPI"}
{"level":"ERROR","location":"[patch_call:263] fyersModel","message":{"API":"/orders/sync","Error":{"code":-50,"message":"limitPrice does not match: 0","s":"error","id":"26031800350804"}},"timestamp":"2026-03-18 14:18:57,512+0530","service":"FyersAPI"}
{"level":"ERROR","location":"[patch_call:263] fyersModel","message":{"API":"/orders/sync","Error":{"code":-50,"message":"limitPrice does not match: 0","s":"error","id":"26031800350804"}},"timestamp":"2026-03-18 14:18:58,061+0530","service":"FyersAPI"}
{"level":"ERROR","location":"[patch_call:263] fyersModel","message":{"API":"/orders/sync","Error":{"code":-50,"message":"limitPrice does not match: 0","s":"error","id":"26031800350804"}},"timestamp":"2026-03-18 14:18:58,848+0530","service":"FyersAPI"}
{"level":"ERROR","location":"[patch_call:263] fyersModel","message":{"API":"/orders/sync","Error":{"code":-50,"message":"limitPrice does not match: 0","s":"error","id":"26031800350804"}},"timestamp":"2026-03-18 14:19:00,984+0530","service":"FyersAPI"}
{"level":"ERROR","location":"[patch_call:263] fyersModel","message":{"API":"/orders/sync","Error":{"code":-50,"message":"limitPrice does not match: 0","s":"error","id":"26031800350804"}},"timestamp":"2026-03-18 14:19:01,540+0530","service":"FyersAPI"}
{"level":"ERROR","location":"[patch_call:263] fyersModel","message":{"API":"/orders/sync","Error":{"code":-50,"message":"limitPrice does not match: 0","s":"error","id":"26031800350804"}},"timestamp":"2026-03-18 14:19:02,088+0530","service":"FyersAPI"}
{"level":"ERROR","location":"[patch_call:263] fyersModel","message":{"API":"/orders/sync","Error":{"code":-50,"message":"limitPrice does not match: 0","s":"error","id":"26031800350804"}},"timestamp":"2026-03-18 14:19:04,226+0530","service":"FyersAPI"}
{"level":"ERROR","location":"[patch_call:263] fyersModel","message":{"API":"/orders/sync","Error":{"code":-50,"message":"limitPrice does not match: 0","s":"error","id":"26031800350804"}},"timestamp":"2026-03-18 14:19:04,775+0530","service":"FyersAPI"}
{"level":"ERROR","location":"[patch_call:263] fyersModel","message":{"API":"/orders/sync","Error":{"code":-50,"message":"limitPrice does not match: 0","s":"error","id":"26031800350804"}},"timestamp":"2026-03-18 14:19:05,324+0530","service":"FyersAPI"}
{"level":"ERROR","location":"[patch_call:263] fyersModel","message":{"API":"/orders/sync","Error":{"code":-50,"message":"limitPrice does not match: 0","s":"error","id":"26031800350804"}},"timestamp":"2026-03-18 14:19:07,455+0530","service":"FyersAPI"}
{"level":"ERROR","location":"[patch_call:263] fyersModel","message":{"API":"/orders/sync","Error":{"code":-50,"message":"limitPrice does not match: 0","s":"error","id":"26031800350804"}},"timestamp":"2026-03-18 14:19:08,004+0530","service":"FyersAPI"}
{"level":"ERROR","location":"[patch_call:263] fyersModel","message":{"API":"/orders/sync","Error":{"code":-50,"message":"limitPrice does not match: 0","s":"error","id":"26031800350804"}},"timestamp":"2026-03-18 14:19:08,568+0530","service":"FyersAPI"}
{"level":"ERROR","location":"[patch_call:263] fyersModel","message":{"API":"/orders/sync","Error":{"code":-50,"message":"limitPrice does not match: 0","s":"error","id":"26031800350804"}},"timestamp":"2026-03-18 14:19:10,703+0530","service":"FyersAPI"}
{"level":"ERROR","location":"[patch_call:263] fyersModel","message":{"API":"/orders/sync","Error":{"code":-50,"message":"limitPrice does not match: 0","s":"error","id":"26031800350804"}},"timestamp":"2026-03-18 14:19:11,252+0530","service":"FyersAPI"}
{"level":"ERROR","location":"[patch_call:263] fyersModel","message":{"API":"/orders/sync","Error":{"code":-50,"message":"limitPrice does not match: 0","s":"error","id":"26031800350804"}},"timestamp":"2026-03-18 14:19:11,799+0530","service":"FyersAPI"}
{"level":"ERROR","location":"[patch_call:263] fyersModel","message":{"API":"/orders/sync","Error":{"code":-50,"message":"limitPrice does not match: 0","s":"error","id":"26031800350804"}},"timestamp":"2026-03-18 14:19:13,938+0530","service":"FyersAPI"}
{"level":"ERROR","location":"[patch_call:263] fyersModel","message":{"API":"/orders/sync","Error":{"code":-50,"message":"limitPrice does not match: 0","s":"error","id":"26031800350804"}},"timestamp":"2026-03-18 14:19:14,491+0530","service":"FyersAPI"}
{"level":"ERROR","location":"[patch_call:263] fyersModel","message":{"API":"/orders/sync","Error":{"code":-50,"message":"limitPrice does not match: 0","s":"error","id":"26031800350804"}},"timestamp":"2026-03-18 14:19:15,041+0530","service":"FyersAPI"}
{"level":"ERROR","location":"[patch_call:263] fyersModel","message":{"API":"/orders/sync","Error":{"code":-50,"message":"limitPrice does not match: 0","s":"error","id":"26031800350804"}},"timestamp":"2026-03-18 14:19:17,188+0530","service":"FyersAPI"}
{"level":"ERROR","location":"[patch_call:263] fyersModel","message":{"API":"/orders/sync","Error":{"code":-50,"message":"limitPrice does not match: 0","s":"error","id":"26031800350804"}},"timestamp":"2026-03-18 14:19:17,740+0530","service":"FyersAPI"}
{"level":"ERROR","location":"[patch_call:263] fyersModel","message":{"API":"/orders/sync","Error":{"code":-50,"message":"limitPrice does not match: 0","s":"error","id":"26031800350804"}},"timestamp":"2026-03-18 14:19:18,287+0530","service":"FyersAPI"}
{"level":"ERROR","location":"[patch_call:263] fyersModel","message":{"API":"/orders/sync","Error":{"code":-50,"message":"limitPrice does not match: 0","s":"error","id":"26031800350804"}},"timestamp":"2026-03-18 14:19:20,415+0530","service":"FyersAPI"}
{"level":"ERROR","location":"[patch_call:263] fyersModel","message":{"API":"/orders/sync","Error":{"code":-50,"message":"limitPrice does not match: 0","s":"error","id":"26031800350804"}},"timestamp":"2026-03-18 14:19:20,965+0530","service":"FyersAPI"}
{"level":"ERROR","location":"[patch_call:263] fyersModel","message":{"API":"/orders/sync","Error":{"code":-50,"message":"limitPrice does not match: 0","s":"error","id":"26031800350804"}},"timestamp":"2026-03-18 14:19:21,520+0530","service":"FyersAPI"}
{"level":"ERROR","location":"[patch_call:263] fyersModel","message":{"API":"/orders/sync","Error":{"code":-50,"message":"limitPrice does not match: 0","s":"error","id":"26031800350804"}},"timestamp":"2026-03-18 14:19:23,659+0530","service":"FyersAPI"}
{"level":"ERROR","location":"[patch_call:263] fyersModel","message":{"API":"/orders/sync","Error":{"code":-50,"message":"limitPrice does not match: 0","s":"error","id":"26031800350804"}},"timestamp":"2026-03-18 14:19:24,204+0530","service":"FyersAPI"}
{"level":"ERROR","location":"[patch_call:263] fyersModel","message":{"API":"/orders/sync","Error":{"code":-50,"message":"limitPrice does not match: 0","s":"error","id":"26031800350804"}},"timestamp":"2026-03-18 14:19:24,754+0530","service":"FyersAPI"}
{"level":"ERROR","location":"[patch_call:263] fyersModel","message":{"API":"/orders/sync","Error":{"code":-50,"message":"limitPrice does not match: 0","s":"error","id":"26031800350804"}},"timestamp":"2026-03-18 14:19:26,882+0530","service":"FyersAPI"}
{"level":"ERROR","location":"[patch_call:263] fyersModel","message":{"API":"/orders/sync","Error":{"code":-50,"message":"limitPrice does not match: 0","s":"error","id":"26031800350804"}},"timestamp":"2026-03-18 14:19:27,430+0530","service":"FyersAPI"}
{"level":"ERROR","location":"[patch_call:263] fyersModel","message":{"API":"/orders/sync","Error":{"code":-50,"message":"limitPrice does not match: 0","s":"error","id":"26031800350804"}},"timestamp":"2026-03-18 14:19:27,978+0530","service":"FyersAPI"}
{"level":"ERROR","location":"[patch_call:263] fyersModel","message":{"API":"/orders/sync","Error":{"code":-50,"message":"limitPrice does not match: 0","s":"error","id":"26031800350804"}},"timestamp":"2026-03-18 14:19:30,118+0530","service":"FyersAPI"}
{"level":"ERROR","location":"[patch_call:263] fyersModel","message":{"API":"/orders/sync","Error":{"code":-50,"message":"limitPrice does not match: 0","s":"error","id":"26031800350804"}},"timestamp":"2026-03-18 14:19:30,673+0530","service":"FyersAPI"}
{"level":"ERROR","location":"[patch_call:263] fyersModel","message":{"API":"/orders/sync","Error":{"code":-50,"message":"limitPrice does not match: 0","s":"error","id":"26031800350804"}},"timestamp":"2026-03-18 14:19:31,220+0530","service":"FyersAPI"}
{"level":"ERROR","location":"[patch_call:263] fyersModel","message":{"API":"/orders/sync","Error":{"code":-50,"message":"limitPrice does not match: 0","s":"error","id":"26031800350804"}},"timestamp":"2026-03-18 14:19:33,350+0530","service":"FyersAPI"}
{"level":"ERROR","location":"[patch_call:263] fyersModel","message":{"API":"/orders/sync","Error":{"code":-50,"message":"limitPrice does not match: 0","s":"error","id":"26031800350804"}},"timestamp":"2026-03-18 14:19:33,899+0530","service":"FyersAPI"}
{"level":"ERROR","location":"[patch_call:263] fyersModel","message":{"API":"/orders/sync","Error":{"code":-50,"message":"limitPrice does not match: 0","s":"error","id":"26031800350804"}},"timestamp":"2026-03-18 14:19:34,448+0530","service":"FyersAPI"}
{"level":"ERROR","location":"[patch_call:263] fyersModel","message":{"API":"/orders/sync","Error":{"code":-50,"message":"limitPrice does not match: 0","s":"error","id":"26031800350804"}},"timestamp":"2026-03-18 14:19:36,574+0530","service":"FyersAPI"}
{"level":"ERROR","location":"[patch_call:263] fyersModel","message":{"API":"/orders/sync","Error":{"code":-50,"message":"limitPrice does not match: 0","s":"error","id":"26031800350804"}},"timestamp":"2026-03-18 14:19:37,122+0530","service":"FyersAPI"}
{"level":"ERROR","location":"[patch_call:263] fyersModel","message":{"API":"/orders/sync","Error":{"code":-50,"message":"limitPrice does not match: 0","s":"error","id":"26031800350804"}},"timestamp":"2026-03-18 14:19:37,673+0530","service":"FyersAPI"}
{"level":"ERROR","location":"[patch_call:263] fyersModel","message":{"API":"/orders/sync","Error":{"code":-50,"message":"limitPrice does not match: 0","s":"error","id":"26031800350804"}},"timestamp":"2026-03-18 14:19:39,814+0530","service":"FyersAPI"}
{"level":"ERROR","location":"[patch_call:263] fyersModel","message":{"API":"/orders/sync","Error":{"code":-50,"message":"limitPrice does not match: 0","s":"error","id":"26031800350804"}},"timestamp":"2026-03-18 14:19:40,362+0530","service":"FyersAPI"}
{"level":"ERROR","location":"[patch_call:263] fyersModel","message":{"API":"/orders/sync","Error":{"code":-50,"message":"limitPrice does not match: 0","s":"error","id":"26031800350804"}},"timestamp":"2026-03-18 14:19:40,919+0530","service":"FyersAPI"}
{"level":"ERROR","location":"[patch_call:263] fyersModel","message":{"API":"/orders/sync","Error":{"code":-50,"message":"limitPrice does not match: 0","s":"error","id":"26031800350804"}},"timestamp":"2026-03-18 14:19:43,071+0530","service":"FyersAPI"}
{"level":"ERROR","location":"[patch_call:263] fyersModel","message":{"API":"/orders/sync","Error":{"code":-50,"message":"limitPrice does not match: 0","s":"error","id":"26031800350804"}},"timestamp":"2026-03-18 14:19:43,619+0530","service":"FyersAPI"}
{"level":"ERROR","location":"[patch_call:263] fyersModel","message":{"API":"/orders/sync","Error":{"code":-50,"message":"limitPrice does not match: 0","s":"error","id":"26031800350804"}},"timestamp":"2026-03-18 14:19:44,167+0530","service":"FyersAPI"}
{"level":"ERROR","location":"[patch_call:263] fyersModel","message":{"API":"/orders/sync","Error":{"code":-50,"message":"limitPrice does not match: 0","s":"error","id":"26031800350804"}},"timestamp":"2026-03-18 14:19:46,297+0530","service":"FyersAPI"}
{"level":"ERROR","location":"[patch_call:263] fyersModel","message":{"API":"/orders/sync","Error":{"code":-50,"message":"limitPrice does not match: 0","s":"error","id":"26031800350804"}},"timestamp":"2026-03-18 14:19:46,850+0530","service":"FyersAPI"}
{"level":"ERROR","location":"[patch_call:263] fyersModel","message":{"API":"/orders/sync","Error":{"code":-50,"message":"limitPrice does not match: 0","s":"error","id":"26031800350804"}},"timestamp":"2026-03-18 14:19:47,398+0530","service":"FyersAPI"}
{"level":"ERROR","location":"[patch_call:263] fyersModel","message":{"API":"/orders/sync","Error":{"code":-50,"message":"limitPrice does not match: 0","s":"error","id":"26031800350804"}},"timestamp":"2026-03-18 14:19:49,528+0530","service":"FyersAPI"}
{"level":"ERROR","location":"[patch_call:263] fyersModel","message":{"API":"/orders/sync","Error":{"code":-50,"message":"limitPrice does not match: 0","s":"error","id":"26031800350804"}},"timestamp":"2026-03-18 14:19:50,082+0530","service":"FyersAPI"}
{"level":"ERROR","location":"[patch_call:263] fyersModel","message":{"API":"/orders/sync","Error":{"code":-50,"message":"limitPrice does not match: 0","s":"error","id":"26031800350804"}},"timestamp":"2026-03-18 14:19:50,642+0530","service":"FyersAPI"}
{"level":"ERROR","location":"[patch_call:263] fyersModel","message":{"API":"/orders/sync","Error":{"code":-50,"message":"limitPrice does not match: 0","s":"error","id":"26031800350804"}},"timestamp":"2026-03-18 14:19:52,774+0530","service":"FyersAPI"}
{"level":"ERROR","location":"[patch_call:263] fyersModel","message":{"API":"/orders/sync","Error":{"code":-50,"message":"limitPrice does not match: 0","s":"error","id":"26031800350804"}},"timestamp":"2026-03-18 14:19:53,321+0530","service":"FyersAPI"}
{"level":"ERROR","location":"[patch_call:263] fyersModel","message":{"API":"/orders/sync","Error":{"code":-50,"message":"limitPrice does not match: 0","s":"error","id":"26031800350804"}},"timestamp":"2026-03-18 14:19:53,868+0530","service":"FyersAPI"}
{"level":"ERROR","location":"[patch_call:263] fyersModel","message":{"API":"/orders/sync","Error":{"code":-50,"message":"limitPrice does not match: 0","s":"error","id":"26031800350804"}},"timestamp":"2026-03-18 14:19:56,016+0530","service":"FyersAPI"}
{"level":"ERROR","location":"[patch_call:263] fyersModel","message":{"API":"/orders/sync","Error":{"code":-50,"message":"limitPrice does not match: 0","s":"error","id":"26031800350804"}},"timestamp":"2026-03-18 14:19:56,568+0530","service":"FyersAPI"}
{"level":"ERROR","location":"[patch_call:263] fyersModel","message":{"API":"/orders/sync","Error":{"code":-50,"message":"limitPrice does not match: 0","s":"error","id":"26031800350804"}},"timestamp":"2026-03-18 14:19:57,118+0530","service":"FyersAPI"}
{"level":"ERROR","location":"[patch_call:263] fyersModel","message":{"API":"/orders/sync","Error":{"code":-50,"message":"limitPrice does not match: 0","s":"error","id":"26031800350804"}},"timestamp":"2026-03-18 14:19:59,257+0530","service":"FyersAPI"}
{"level":"ERROR","location":"[patch_call:263] fyersModel","message":{"API":"/orders/sync","Error":{"code":-50,"message":"limitPrice does not match: 0","s":"error","id":"26031800350804"}},"timestamp":"2026-03-18 14:19:59,807+0530","service":"FyersAPI"}
{"level":"ERROR","location":"[patch_call:263] fyersModel","message":{"API":"/orders/sync","Error":{"code":-50,"message":"limitPrice does not match: 0","s":"error","id":"26031800350804"}},"timestamp":"2026-03-18 14:20:00,360+0530","service":"FyersAPI"}
{"level":"ERROR","location":"[patch_call:263] fyersModel","message":{"API":"/orders/sync","Error":{"code":-50,"message":"limitPrice does not match: 0","s":"error","id":"26031800350804"}},"timestamp":"2026-03-18 14:20:02,510+0530","service":"FyersAPI"}
{"level":"ERROR","location":"[patch_call:263] fyersModel","message":{"API":"/orders/sync","Error":{"code":-50,"message":"limitPrice does not match: 0","s":"error","id":"26031800350804"}},"timestamp":"2026-03-18 14:20:03,055+0530","service":"FyersAPI"}
{"level":"ERROR","location":"[patch_call:263] fyersModel","message":{"API":"/orders/sync","Error":{"code":-50,"message":"limitPrice does not match: 0","s":"error","id":"26031800350804"}},"timestamp":"2026-03-18 14:20:03,637+0530","service":"FyersAPI"}
{"level":"ERROR","location":"[patch_call:263] fyersModel","message":{"API":"/orders/sync","Error":{"code":-50,"message":"limitPrice does not match: 0","s":"error","id":"26031800350804"}},"timestamp":"2026-03-18 14:20:05,771+0530","service":"FyersAPI"}
{"level":"ERROR","location":"[patch_call:263] fyersModel","message":{"API":"/orders/sync","Error":{"code":-50,"message":"limitPrice does not match: 0","s":"error","id":"26031800350804"}},"timestamp":"2026-03-18 14:20:06,320+0530","service":"FyersAPI"}
{"level":"ERROR","location":"[patch_call:263] fyersModel","message":{"API":"/orders/sync","Error":{"code":-50,"message":"limitPrice does not match: 0","s":"error","id":"26031800350804"}},"timestamp":"2026-03-18 14:20:06,872+0530","service":"FyersAPI"}
{"level":"ERROR","location":"[patch_call:263] fyersModel","message":{"API":"/orders/sync","Error":{"code":-50,"message":"limitPrice does not match: 0","s":"error","id":"26031800350804"}},"timestamp":"2026-03-18 14:20:09,010+0530","service":"FyersAPI"}
{"level":"ERROR","location":"[patch_call:263] fyersModel","message":{"API":"/orders/sync","Error":{"code":-50,"message":"limitPrice does not match: 0","s":"error","id":"26031800350804"}},"timestamp":"2026-03-18 14:20:09,557+0530","service":"FyersAPI"}
{"level":"ERROR","location":"[patch_call:263] fyersModel","message":{"API":"/orders/sync","Error":{"code":-50,"message":"limitPrice does not match: 0","s":"error","id":"26031800350804"}},"timestamp":"2026-03-18 14:20:10,108+0530","service":"FyersAPI"}
{"level":"ERROR","location":"[patch_call:263] fyersModel","message":{"API":"/orders/sync","Error":{"code":-50,"message":"limitPrice does not match: 0","s":"error","id":"26031800350804"}},"timestamp":"2026-03-18 14:20:12,245+0530","service":"FyersAPI"}
{"level":"ERROR","location":"[patch_call:263] fyersModel","message":{"API":"/orders/sync","Error":{"code":-50,"message":"limitPrice does not match: 0","s":"error","id":"26031800350804"}},"timestamp":"2026-03-18 14:20:12,794+0530","service":"FyersAPI"}
{"level":"ERROR","location":"[patch_call:263] fyersModel","message":{"API":"/orders/sync","Error":{"code":-50,"message":"limitPrice does not match: 0","s":"error","id":"26031800350804"}},"timestamp":"2026-03-18 14:20:13,342+0530","service":"FyersAPI"}
{"level":"ERROR","location":"[patch_call:263] fyersModel","message":{"API":"/orders/sync","Error":{"code":-50,"message":"limitPrice does not match: 0","s":"error","id":"26031800350804"}},"timestamp":"2026-03-18 14:20:15,467+0530","service":"FyersAPI"}
{"level":"ERROR","location":"[patch_call:263] fyersModel","message":{"API":"/orders/sync","Error":{"code":-50,"message":"limitPrice does not match: 0","s":"error","id":"26031800350804"}},"timestamp":"2026-03-18 14:20:16,016+0530","service":"FyersAPI"}
{"level":"ERROR","location":"[patch_call:263] fyersModel","message":{"API":"/orders/sync","Error":{"code":-50,"message":"limitPrice does not match: 0","s":"error","id":"26031800350804"}},"timestamp":"2026-03-18 14:20:16,563+0530","service":"FyersAPI"}
{"level":"ERROR","location":"[patch_call:263] fyersModel","message":{"API":"/orders/sync","Error":{"code":-50,"message":"limitPrice does not match: 0","s":"error","id":"26031800350804"}},"timestamp":"2026-03-18 14:20:18,694+0530","service":"FyersAPI"}
{"level":"ERROR","location":"[patch_call:263] fyersModel","message":{"API":"/orders/sync","Error":{"code":-50,"message":"limitPrice does not match: 0","s":"error","id":"26031800350804"}},"timestamp":"2026-03-18 14:20:19,240+0530","service":"FyersAPI"}
{"level":"ERROR","location":"[patch_call:263] fyersModel","message":{"API":"/orders/sync","Error":{"code":-50,"message":"limitPrice does not match: 0","s":"error","id":"26031800350804"}},"timestamp":"2026-03-18 14:20:19,792+0530","service":"FyersAPI"}
{"level":"ERROR","location":"[patch_call:263] fyersModel","message":{"API":"/orders/sync","Error":{"code":-50,"message":"limitPrice does not match: 0","s":"error","id":"26031800350804"}},"timestamp":"2026-03-18 14:20:21,953+0530","service":"FyersAPI"}
{"level":"ERROR","location":"[patch_call:263] fyersModel","message":{"API":"/orders/sync","Error":{"code":-50,"message":"limitPrice does not match: 0","s":"error","id":"26031800350804"}},"timestamp":"2026-03-18 14:20:22,504+0530","service":"FyersAPI"}
{"level":"ERROR","location":"[patch_call:263] fyersModel","message":{"API":"/orders/sync","Error":{"code":-50,"message":"limitPrice does not match: 0","s":"error","id":"26031800350804"}},"timestamp":"2026-03-18 14:20:23,054+0530","service":"FyersAPI"}
{"level":"ERROR","location":"[patch_call:263] fyersModel","message":{"API":"/orders/sync","Error":{"code":-50,"message":"limitPrice does not match: 0","s":"error","id":"26031800350804"}},"timestamp":"2026-03-18 14:20:25,188+0530","service":"FyersAPI"}
{"level":"ERROR","location":"[patch_call:263] fyersModel","message":{"API":"/orders/sync","Error":{"code":-50,"message":"limitPrice does not match: 0","s":"error","id":"26031800350804"}},"timestamp":"2026-03-18 14:20:25,741+0530","service":"FyersAPI"}
{"level":"ERROR","location":"[patch_call:263] fyersModel","message":{"API":"/orders/sync","Error":{"code":-50,"message":"limitPrice does not match: 0","s":"error","id":"26031800350804"}},"timestamp":"2026-03-18 14:20:26,295+0530","service":"FyersAPI"}
{"level":"ERROR","location":"[patch_call:263] fyersModel","message":{"API":"/orders/sync","Error":{"code":-50,"message":"limitPrice does not match: 0","s":"error","id":"26031800350804"}},"timestamp":"2026-03-18 14:20:28,441+0530","service":"FyersAPI"}
{"level":"ERROR","location":"[patch_call:263] fyersModel","message":{"API":"/orders/sync","Error":{"code":-50,"message":"limitPrice does not match: 0","s":"error","id":"26031800350804"}},"timestamp":"2026-03-18 14:20:28,989+0530","service":"FyersAPI"}
{"level":"ERROR","location":"[patch_call:263] fyersModel","message":{"API":"/orders/sync","Error":{"code":-50,"message":"limitPrice does not match: 0","s":"error","id":"26031800350804"}},"timestamp":"2026-03-18 14:20:29,539+0530","service":"FyersAPI"}
{"level":"ERROR","location":"[patch_call:263] fyersModel","message":{"API":"/orders/sync","Error":{"code":-50,"message":"limitPrice does not match: 0","s":"error","id":"26031800350804"}},"timestamp":"2026-03-18 14:20:31,675+0530","service":"FyersAPI"}
{"level":"ERROR","location":"[patch_call:263] fyersModel","message":{"API":"/orders/sync","Error":{"code":-50,"message":"limitPrice does not match: 0","s":"error","id":"26031800350804"}},"timestamp":"2026-03-18 14:20:32,222+0530","service":"FyersAPI"}
{"level":"ERROR","location":"[patch_call:263] fyersModel","message":{"API":"/orders/sync","Error":{"code":-50,"message":"limitPrice does not match: 0","s":"error","id":"26031800350804"}},"timestamp":"2026-03-18 14:20:32,777+0530","service":"FyersAPI"}
{"level":"ERROR","location":"[patch_call:263] fyersModel","message":{"API":"/orders/sync","Error":{"code":-50,"message":"limitPrice does not match: 0","s":"error","id":"26031800350804"}},"timestamp":"2026-03-18 14:20:34,914+0530","service":"FyersAPI"}
{"level":"ERROR","location":"[patch_call:263] fyersModel","message":{"API":"/orders/sync","Error":{"code":-50,"message":"limitPrice does not match: 0","s":"error","id":"26031800350804"}},"timestamp":"2026-03-18 14:20:35,462+0530","service":"FyersAPI"}
{"level":"ERROR","location":"[patch_call:263] fyersModel","message":{"API":"/orders/sync","Error":{"code":-50,"message":"limitPrice does not match: 0","s":"error","id":"26031800350804"}},"timestamp":"2026-03-18 14:20:36,012+0530","service":"FyersAPI"}
{"level":"ERROR","location":"[patch_call:263] fyersModel","message":{"API":"/orders/sync","Error":{"code":-50,"message":"limitPrice does not match: 0","s":"error","id":"26031800350804"}},"timestamp":"2026-03-18 14:20:38,154+0530","service":"FyersAPI"}
{"level":"ERROR","location":"[patch_call:263] fyersModel","message":{"API":"/orders/sync","Error":{"code":-50,"message":"limitPrice does not match: 0","s":"error","id":"26031800350804"}},"timestamp":"2026-03-18 14:20:38,704+0530","service":"FyersAPI"}
{"level":"ERROR","location":"[patch_call:263] fyersModel","message":{"API":"/orders/sync","Error":{"code":-50,"message":"limitPrice does not match: 0","s":"error","id":"26031800350804"}},"timestamp":"2026-03-18 14:20:39,252+0530","service":"FyersAPI"}
{"level":"ERROR","location":"[patch_call:263] fyersModel","message":{"API":"/orders/sync","Error":{"code":-50,"message":"limitPrice does not match: 0","s":"error","id":"26031800350804"}},"timestamp":"2026-03-18 14:20:41,394+0530","service":"FyersAPI"}
{"level":"ERROR","location":"[patch_call:263] fyersModel","message":{"API":"/orders/sync","Error":{"code":-50,"message":"limitPrice does not match: 0","s":"error","id":"26031800350804"}},"timestamp":"2026-03-18 14:20:41,947+0530","service":"FyersAPI"}
{"level":"ERROR","location":"[patch_call:263] fyersModel","message":{"API":"/orders/sync","Error":{"code":-50,"message":"limitPrice does not match: 0","s":"error","id":"26031800350804"}},"timestamp":"2026-03-18 14:20:42,507+0530","service":"FyersAPI"}
